<?xml version="1.0" encoding="UTF-8"?>
<testsuite name="edu.sdsu.cs160l.assignment.LambdaInitializationTest" tests="2" skipped="0" failures="0" errors="0" timestamp="2026-04-21T17:04:07.515Z" hostname="ASHERLAPTOP" time="0.029">
  <properties/>
  <testcase name="numberConcatenate()" classname="edu.sdsu.cs160l.assignment.LambdaInitializationTest" time="0.023"/>
  <testcase name="division()" classname="edu.sdsu.cs160l.assignment.LambdaInitializationTest" time="0.003"/>
  <system-out><![CDATA[]]></system-out>
  <system-err><![CDATA[]]></system-err>
</testsuite>
