<?xml version="1.0" encoding="UTF-8"?>
<testsuite name="edu.sdsu.cs160l.CustomHashMap.CustomHashMapTest" tests="6" skipped="0" failures="0" errors="0" timestamp="2026-04-28T17:11:07.283Z" hostname="ASHERLAPTOP" time="0.042">
  <properties/>
  <testcase name="testUpdateExistingKey()" classname="edu.sdsu.cs160l.CustomHashMap.CustomHashMapTest" time="0.024"/>
  <testcase name="testCollisionHandling()" classname="edu.sdsu.cs160l.CustomHashMap.CustomHashMapTest" time="0.001"/>
  <testcase name="testPutAndGet()" classname="edu.sdsu.cs160l.CustomHashMap.CustomHashMapTest" time="0.002"/>
  <testcase name="testCapacityIncrease()" classname="edu.sdsu.cs160l.CustomHashMap.CustomHashMapTest" time="0.0"/>
  <testcase name="testRemoveNonExistentKey()" classname="edu.sdsu.cs160l.CustomHashMap.CustomHashMapTest" time="0.007"/>
  <testcase name="testRemove()" classname="edu.sdsu.cs160l.CustomHashMap.CustomHashMapTest" time="0.001"/>
  <system-out><![CDATA[]]></system-out>
  <system-err><![CDATA[]]></system-err>
</testsuite>
